2012/11/4 12:35:38 : 需要查询驱动 HardwareID:usb\vid_043d&pid_008f&mi_00 InstanceID:ROOT\IMAGE\0000 LocalDesc:Lexmark X422 Problem:10 ClassGUID:6bdd1fc6-810f-11d0-bec7-08002be2092f NotPresent:False SystemDefault:False
2012/11/4 12:35:40 : 设备usb\vid_043d&pid_008f&mi_00, URL:http://api.driver.360safe.com/appserv/qd_queryc.2.0.php?os=6.1&pf=64&cn=GIGABYTE&hid=USB%5CVID%5F043D%26PID%5F008F%26MI%5F00&nw=default&err=10&c=cfa1fa00
2012/11/4 21:53:00 : 需要查询驱动 HardwareID:usb\vid_043d&pid_008f&mi_00 InstanceID:ROOT\IMAGE\0000 LocalDesc:Lexmark X422 Problem:10 ClassGUID:6bdd1fc6-810f-11d0-bec7-08002be2092f NotPresent:False SystemDefault:False
2012/11/4 21:53:03 : 设备usb\vid_043d&pid_008f&mi_00, URL:http://api.driver.360safe.com/appserv/qd_queryc.2.0.php?os=6.1&pf=64&cn=GIGABYTE&hid=USB%5CVID%5F043D%26PID%5F008F%26MI%5F00&nw=default&err=10&c=cfa1fa00
2012/11/12 17:10:23 : 需要查询驱动 HardwareID:usb\vid_043d&pid_008f&mi_00 InstanceID:ROOT\IMAGE\0000 LocalDesc:Lexmark X422 Problem:10 ClassGUID:6bdd1fc6-810f-11d0-bec7-08002be2092f NotPresent:False SystemDefault:False
2012/11/12 17:10:24 : 设备usb\vid_043d&pid_008f&mi_00, URL:http://api.driver.360safe.com/appserv/qd_queryc.2.0.php?os=6.1&pf=64&cn=GIGABYTE&hid=USB%5CVID%5F043D%26PID%5F008F%26MI%5F00&nw=default&err=10&c=cfa1fa00
2012/11/19 11:58:04 : 需要查询驱动 HardwareID:usb\vid_043d&pid_008f&mi_00 InstanceID:ROOT\IMAGE\0000 LocalDesc:Lexmark X422 Problem:10 ClassGUID:6bdd1fc6-810f-11d0-bec7-08002be2092f NotPresent:False SystemDefault:False
2012/11/19 11:58:06 : 设备usb\vid_043d&pid_008f&mi_00, URL:http://api.driver.360safe.com/appserv/qd_queryc.2.0.php?os=6.1&pf=64&cn=GIGABYTE&hid=USB%5CVID%5F043D%26PID%5F008F%26MI%5F00&nw=default&err=10&c=cfa1fa00
2012/11/19 23:49:53 : 需要查询驱动 HardwareID:usb\vid_043d&pid_008f&mi_00 InstanceID:ROOT\IMAGE\0000 LocalDesc:Lexmark X422 Problem:10 ClassGUID:6bdd1fc6-810f-11d0-bec7-08002be2092f NotPresent:False SystemDefault:False
2012/11/19 23:49:53 : 需要查询驱动 HardwareID:USB\VID_05AC&PID_129F&REV_0210 InstanceID:USB\VID_05AC&PID_129F\6C78D4C7EC044315DA27DCC99759C9B4E5EC2609 LocalDesc:iPad Problem:1 ClassGUID:00000000-0000-0000-0000-000000000000 NotPresent:False SystemDefault:False
2012/11/19 23:49:53 : 设备USB\VID_05AC&PID_129F&REV_0210, URL:http://api.driver.360safe.com/appserv/qd_queryc.2.0.php?os=6.1&pf=64&cn=GIGABYTE&hid=USB%5CVID%5F05AC%26PID%5F129F%26REV%5F0210&nw=default&err=1&c=e69bbc11
2012/11/19 23:49:54 : 设备USB\VID_05AC&PID_129F&REV_0210驱动需要更新 服务器版本6.0.9999.59 服务器日期01/09/2012, 驱动下载地址pdown://p2=8FAE797EB06CAEA80F4F2AD1B5E324881FD7A6C3|p3=20|p4=1800|p5=6|h1=8FAE797EB06CAEA80F4F2AD1B5E324881FD7A6C3|h3=60|h7=5|b2=9564672|b5=驱动下载|b6=Apple Device 6.0.9999.59 All|b7=1|b9=1|k=1|http://driver.360safe.com/apple/apple_device_6.0.9999.59.msi
2012/11/19 23:49:54 : 设备usb\vid_043d&pid_008f&mi_00, URL:http://api.driver.360safe.com/appserv/qd_queryc.2.0.php?os=6.1&pf=64&cn=GIGABYTE&hid=USB%5CVID%5F043D%26PID%5F008F%26MI%5F00&nw=default&err=10&c=cfa1fa00
2012/11/19 23:50:04 : 设备USB\VID_05AC&PID_129F&REV_0210&MI_00, URL:http://api.driver.360safe.com/appserv/qd_queryc.2.0.php?os=6.1&pf=64&cn=GIGABYTE&hid=USB%5CVID%5F05AC%26PID%5F129F%26REV%5F0210%26MI%5F00&nw=default&err=1&c=dbd6bafb
2012/11/19 23:50:19 : 执行: ["D:\Program Files\LuDaShi\DriverUpdate\apple_device_6.0.9999.59.msi"]
2012/11/19 23:50:27 : 设备USB\VID_05AC&PID_129F&REV_0210安装完毕，获取设备状态失败 安装结果：失败
2012/11/19 23:50:32 : 设备USB\VID_05AC&PID_129F&REV_0210安装完毕，获取设备状态失败 安装结果：失败
2012/11/19 23:50:37 : 设备USB\VID_05AC&PID_129F&REV_0210安装完毕，获取设备状态失败 安装结果：失败
2012/11/19 23:50:42 : 设备USB\VID_05AC&PID_129F&REV_0210安装完毕，获取设备状态失败 安装结果：失败
2012/11/19 23:50:47 : 设备USB\VID_05AC&PID_129F&REV_0210安装完毕，获取设备状态失败 安装结果：失败
2012/11/19 23:50:52 : 设备USB\VID_05AC&PID_129F&REV_0210安装完毕，获取设备状态失败 安装结果：失败
2012/11/19 23:50:57 : 设备USB\VID_05AC&PID_129F&REV_0210安装完毕，获取设备状态失败 安装结果：失败
2012/11/20 19:03:33 : 需要查询驱动 HardwareID:usb\vid_043d&pid_008f&mi_00 InstanceID:ROOT\IMAGE\0000 LocalDesc:Lexmark X422 Problem:10 ClassGUID:6bdd1fc6-810f-11d0-bec7-08002be2092f NotPresent:False SystemDefault:False
2012/11/20 19:03:34 : 设备usb\vid_043d&pid_008f&mi_00, URL:http://api.driver.360safe.com/appserv/qd_queryc.2.0.php?os=6.1&pf=64&cn=GIGABYTE&hid=USB%5CVID%5F043D%26PID%5F008F%26MI%5F00&nw=default&err=10&c=cfa1fa00
2012/11/30 20:24:40 : 需要查询驱动 HardwareID:usb\vid_043d&pid_008f&mi_00 InstanceID:ROOT\IMAGE\0000 LocalDesc:Lexmark X422 Problem:10 ClassGUID:6bdd1fc6-810f-11d0-bec7-08002be2092f NotPresent:False SystemDefault:False
2012/11/30 20:24:40 : 设备usb\vid_043d&pid_008f&mi_00, URL:http://api.driver.360safe.com/appserv/qd_queryc.2.0.php?os=6.1&pf=64&cn=GIGABYTE&hid=USB%5CVID%5F043D%26PID%5F008F%26MI%5F00&nw=default&err=10&c=cfa1fa00
2012/12/3 22:56:02 : 需要查询驱动 HardwareID:usb\vid_043d&pid_008f&mi_00 InstanceID:ROOT\IMAGE\0000 LocalDesc:Lexmark X422 Problem:10 ClassGUID:6bdd1fc6-810f-11d0-bec7-08002be2092f NotPresent:False SystemDefault:False
2012/12/3 22:56:02 : 设备usb\vid_043d&pid_008f&mi_00, URL:http://api.driver.360safe.com/appserv/qd_queryc.2.0.php?os=6.1&pf=64&cn=GIGABYTE&hid=USB%5CVID%5F043D%26PID%5F008F%26MI%5F00&nw=default&err=10&c=cfa1fa00
2012/12/5 12:52:07 : 需要查询驱动 HardwareID:usb\vid_043d&pid_008f&mi_00 InstanceID:ROOT\IMAGE\0000 LocalDesc:Lexmark X422 Problem:10 ClassGUID:6bdd1fc6-810f-11d0-bec7-08002be2092f NotPresent:False SystemDefault:False
2012/12/5 12:52:07 : 设备usb\vid_043d&pid_008f&mi_00, URL:http://api.driver.360safe.com/appserv/qd_queryc.2.0.php?os=6.1&pf=64&cn=GIGABYTE&hid=USB%5CVID%5F043D%26PID%5F008F%26MI%5F00&nw=default&err=10&c=cfa1fa00
2012/12/9 10:13:41 : 需要查询驱动 HardwareID:usb\vid_043d&pid_008f&mi_00 InstanceID:ROOT\IMAGE\0000 LocalDesc:Lexmark X422 Problem:10 ClassGUID:6bdd1fc6-810f-11d0-bec7-08002be2092f NotPresent:False SystemDefault:False
2012/12/9 10:13:44 : 设备usb\vid_043d&pid_008f&mi_00, URL:http://api.driver.360safe.com/appserv/qd_queryc.2.0.php?os=6.1&pf=64&cn=GIGABYTE&hid=USB%5CVID%5F043D%26PID%5F008F%26MI%5F00&nw=default&err=10&c=cfa1fa00
2012/12/9 12:16:52 : 需要查询驱动 HardwareID:usb\vid_043d&pid_008f&mi_00 InstanceID:ROOT\IMAGE\0000 LocalDesc:Lexmark X422 Problem:10 ClassGUID:6bdd1fc6-810f-11d0-bec7-08002be2092f NotPresent:False SystemDefault:False
2012/12/9 12:16:53 : 设备usb\vid_043d&pid_008f&mi_00, URL:http://api.driver.360safe.com/appserv/qd_queryc.2.0.php?os=6.1&pf=64&cn=GIGABYTE&hid=USB%5CVID%5F043D%26PID%5F008F%26MI%5F00&nw=default&err=10&c=cfa1fa00
2012/12/11 23:48:05 : 需要查询驱动 HardwareID:usb\vid_043d&pid_008f&mi_00 InstanceID:ROOT\IMAGE\0000 LocalDesc:Lexmark X422 Problem:10 ClassGUID:6bdd1fc6-810f-11d0-bec7-08002be2092f NotPresent:False SystemDefault:False
2012/12/11 23:48:05 : 设备usb\vid_043d&pid_008f&mi_00, URL:http://api.driver.360safe.com/appserv/qd_queryc.2.0.php?os=6.1&pf=64&cn=GIGABYTE&hid=USB%5CVID%5F043D%26PID%5F008F%26MI%5F00&nw=default&err=10&c=cfa1fa00
2012/12/16 10:15:50 : 需要查询驱动 HardwareID:usb\vid_043d&pid_008f&mi_00 InstanceID:ROOT\IMAGE\0000 LocalDesc:Lexmark X422 Problem:10 ClassGUID:6bdd1fc6-810f-11d0-bec7-08002be2092f NotPresent:False SystemDefault:False
2012/12/16 10:15:51 : 设备usb\vid_043d&pid_008f&mi_00, URL:http://api.driver.360safe.com/appserv/qd_queryc.2.0.php?os=6.1&pf=64&cn=GIGABYTE&hid=USB%5CVID%5F043D%26PID%5F008F%26MI%5F00&nw=default&err=10&c=cfa1fa00
2012/12/16 19:14:08 : 需要查询驱动 HardwareID:usb\vid_043d&pid_008f&mi_00 InstanceID:ROOT\IMAGE\0000 LocalDesc:Lexmark X422 Problem:10 ClassGUID:6bdd1fc6-810f-11d0-bec7-08002be2092f NotPresent:False SystemDefault:False
2012/12/16 19:14:08 : 设备usb\vid_043d&pid_008f&mi_00, URL:http://api.driver.360safe.com/appserv/qd_queryc.2.0.php?os=6.1&pf=64&cn=GIGABYTE&hid=USB%5CVID%5F043D%26PID%5F008F%26MI%5F00&nw=default&err=10&c=cfa1fa00
2014/6/12 11:41:12 : 需要查询驱动 HardwareID:HDAUDIO\FUNC_01&VEN_10EC&DEV_0889&SUBSYS_1458A002&REV_1000 InstanceID:HDAUDIO\FUNC_01&VEN_10EC&DEV_0889&SUBSYS_1458A002&REV_1000\4&3828EB94&0&0201 LocalDesc:High Definition Audio Device Problem:0 ClassGUID:4d36e96c-e325-11ce-bfc1-08002be10318 NotPresent:False SystemDefault:True
2014/6/12 11:41:12 : 设备HDAUDIO\FUNC_01&VEN_10EC&DEV_0889&SUBSYS_1458A002&REV_1000, URL:http://api.driver.360safe.com/appserv/qd_queryc.2.0.php?os=6.1&pf=64&cn=GIGABYTE&hid=HDAUDIO%5CFUNC%5F01%26VEN%5F10EC%26DEV%5F0889%26SUBSYS%5F1458A002%26REV%5F1000&nw=default&err=0&c=cda9f330
2014/6/12 11:41:12 : 设备HDAUDIO\FUNC_01&VEN_10EC&DEV_0889&SUBSYS_1458A002&REV_1000驱动需要更新 服务器版本6.0.1.7255 服务器日期05/27/2014, 驱动下载地址pdown://p2=3D61E9A45891B6D86CB8E66FF90DFEFD4B6D2E16|p3=20|p4=1800|p5=6|h1=3D61E9A45891B6D86CB8E66FF90DFEFD4B6D2E16|h3=60|h7=5|b2=257129964|b5=驱动下载|b6=Realtek HD Audio 6.0.1.7255 For Windows|b7=1|b9=1|k=1|http://driver.360safe.com/audio/realtek_hd_audio_6.0.1.7255_win.zip
2014/6/27 16:13:02 : 需要查询驱动 HardwareID:HDAUDIO\FUNC_01&VEN_10EC&DEV_0269&SUBSYS_1028052C&REV_1001 InstanceID:HDAUDIO\FUNC_01&VEN_10EC&DEV_0269&SUBSYS_1028052C&REV_1001\4&4D7B466&0&0001 LocalDesc:High Definition Audio Device Problem:0 ClassGUID:4d36e96c-e325-11ce-bfc1-08002be10318 NotPresent:False SystemDefault:True
2014/6/27 16:13:02 : 需要查询驱动 HardwareID:PCI\VEN_8086&DEV_0162&SUBSYS_052C1028&REV_09 InstanceID:PCI\VEN_8086&DEV_0162&SUBSYS_052C1028&REV_09\3&11583659&0&10 LocalDesc:Standard VGA Graphics Adapter Problem:0 ClassGUID:4d36e968-e325-11ce-bfc1-08002be10318 NotPresent:False SystemDefault:True
2014/6/27 16:13:02 : 需要查询驱动 HardwareID:PCI\VEN_8086&DEV_1E31&SUBSYS_052C1028&REV_04 InstanceID:PCI\VEN_8086&DEV_1E31&SUBSYS_052C1028&REV_04\3&11583659&0&A0 LocalDesc:Universal Serial Bus (USB) Controller Problem:28 ClassGUID:00000000-0000-0000-0000-000000000000 NotPresent:False SystemDefault:False
2014/6/27 16:13:02 : 需要查询驱动 HardwareID:PCI\VEN_8086&DEV_1E22&SUBSYS_052C1028&REV_04 InstanceID:PCI\VEN_8086&DEV_1E22&SUBSYS_052C1028&REV_04\3&11583659&0&FB LocalDesc:SM Bus Controller Problem:28 ClassGUID:00000000-0000-0000-0000-000000000000 NotPresent:False SystemDefault:False
2014/6/27 16:13:02 : 设备PCI\VEN_8086&DEV_1E22&SUBSYS_052C1028&REV_04, URL:http://api.driver.360safe.com/appserv/qd_queryc.2.0.php?os=6.1&pf=64&cn=Dell&hid=PCI%5CVEN%5F8086%26DEV%5F1E22%26SUBSYS%5F052C1028%26REV%5F04&nw=default&err=28&c=dc65990e
2014/6/27 16:13:02 : 设备PCI\VEN_8086&DEV_1E22&SUBSYS_052C1028&REV_04驱动需要更新 服务器版本9.3.0.1029 服务器日期07/25/2013, 驱动下载地址pdown://p2=99A7EBF206C23FC10804C677F2A17A370452D1C5|p3=20|p4=1800|p5=6|h1=99A7EBF206C23FC10804C677F2A17A370452D1C5|h3=60|h7=5|b2=18407|b5=驱动下载|b6=Intel SMBus 9.3.0.1029 All|b7=1|b9=1|k=1|http://driver.360safe.com/intel/inf_smbus_9.3.0.1029.zip
2014/6/27 16:13:02 : 设备PCI\VEN_8086&DEV_1E31&SUBSYS_052C1028&REV_04, URL:http://api.driver.360safe.com/appserv/qd_queryc.2.0.php?os=6.1&pf=64&cn=Dell&hid=PCI%5CVEN%5F8086%26DEV%5F1E31%26SUBSYS%5F052C1028%26REV%5F04&nw=default&err=28&c=26832327
2014/6/27 16:13:03 : 设备PCI\VEN_8086&DEV_1E31&SUBSYS_052C1028&REV_04驱动需要更新 服务器版本1.0.10.255 服务器日期09/17/2013, 驱动下载地址pdown://p2=914B74173923B1FDEA1BF24FE0D852430D98F25E|p3=20|p4=1800|p5=6|h1=914B74173923B1FDEA1BF24FE0D852430D98F25E|h3=60|h7=5|b2=5393968|b5=驱动下载|b6=Intel USB 3.0 eXtensible 1.0.10.255 For Win7-32/Win7-64|b7=1|b9=1|k=1|http://driver.360safe.com/intel/usb3.0_intel_1.0.10.255_w7.zip
2014/6/27 16:13:03 : 设备PCI\VEN_8086&DEV_0162&SUBSYS_052C1028&REV_09, URL:http://api.driver.360safe.com/appserv/qd_queryc.2.0.php?os=6.1&pf=64&cn=Dell&hid=PCI%5CVEN%5F8086%26DEV%5F0162%26SUBSYS%5F052C1028%26REV%5F09&nw=default&err=0&c=408734b6
2014/6/27 16:13:03 : 设备PCI\VEN_8086&DEV_0162&SUBSYS_052C1028&REV_09驱动需要更新 服务器版本9.17.10.3040 服务器日期02/22/2013, 驱动下载地址pdown://p2=F5E1EC624AF63FD423960E8DAC1D882AAB739010|p3=20|p4=1800|p5=6|h1=F5E1EC624AF63FD423960E8DAC1D882AAB739010|h3=60|h7=5|b2=88318510|b5=驱动下载|b6=Dell Intel VGA 9.17.10.3040 W864|b7=1|b9=1|k=1|http://driver.360safe.com/dell/intel_9.17.10.3040_w864.zip
2014/6/27 16:13:03 : 设备HDAUDIO\FUNC_01&VEN_10EC&DEV_0269&SUBSYS_1028052C&REV_1001, URL:http://api.driver.360safe.com/appserv/qd_queryc.2.0.php?os=6.1&pf=64&cn=Dell&hid=HDAUDIO%5CFUNC%5F01%26VEN%5F10EC%26DEV%5F0269%26SUBSYS%5F1028052C%26REV%5F1001&nw=default&err=0&c=563fa602
2014/6/27 16:13:03 : 设备HDAUDIO\FUNC_01&VEN_10EC&DEV_0269&SUBSYS_1028052C&REV_1001驱动需要更新 服务器版本6.0.1.7004 服务器日期07/30/2013, 驱动下载地址pdown://p2=1F5C8E1D86DEEB6E3A7A5AC94628DE205EB13DFF|p3=20|p4=1800|p5=6|h1=1F5C8E1D86DEEB6E3A7A5AC94628DE205EB13DFF|h3=60|h7=5|b2=221356774|b5=驱动下载|b6=Dell Realtek Audio 6.0.1.7004 W8|b7=1|b9=1|k=1|http://driver.360safe.com/dell/audio_realtek_6.0.1.7004_w8.zip
2014/6/27 17:41:30 : 需要查询驱动 HardwareID:HDAUDIO\FUNC_01&VEN_10EC&DEV_0269&SUBSYS_1028052C&REV_1001 InstanceID:HDAUDIO\FUNC_01&VEN_10EC&DEV_0269&SUBSYS_1028052C&REV_1001\4&4D7B466&0&0001 LocalDesc:High Definition Audio Device Problem:0 ClassGUID:4d36e96c-e325-11ce-bfc1-08002be10318 NotPresent:False SystemDefault:True
2014/6/27 17:41:30 : 需要查询驱动 HardwareID:PCI\VEN_8086&DEV_1E22&SUBSYS_052C1028&REV_04 InstanceID:PCI\VEN_8086&DEV_1E22&SUBSYS_052C1028&REV_04\3&11583659&0&FB LocalDesc:SM Bus Controller Problem:28 ClassGUID:00000000-0000-0000-0000-000000000000 NotPresent:False SystemDefault:False
2014/6/27 17:41:30 : 设备PCI\VEN_8086&DEV_1E22&SUBSYS_052C1028&REV_04, URL:http://api.driver.360safe.com/appserv/qd_queryc.2.0.php?os=6.1&pf=64&cn=Dell&hid=PCI%5CVEN%5F8086%26DEV%5F1E22%26SUBSYS%5F052C1028%26REV%5F04&nw=default&err=28&c=dc65990e
2014/6/27 17:41:31 : 设备PCI\VEN_8086&DEV_1E22&SUBSYS_052C1028&REV_04驱动需要更新 服务器版本9.3.0.1029 服务器日期07/25/2013, 驱动下载地址pdown://p2=99A7EBF206C23FC10804C677F2A17A370452D1C5|p3=20|p4=1800|p5=6|h1=99A7EBF206C23FC10804C677F2A17A370452D1C5|h3=60|h7=5|b2=18407|b5=驱动下载|b6=Intel SMBus 9.3.0.1029 All|b7=1|b9=1|k=1|http://driver.360safe.com/intel/inf_smbus_9.3.0.1029.zip
2014/6/27 17:41:31 : 设备HDAUDIO\FUNC_01&VEN_10EC&DEV_0269&SUBSYS_1028052C&REV_1001, URL:http://api.driver.360safe.com/appserv/qd_queryc.2.0.php?os=6.1&pf=64&cn=Dell&hid=HDAUDIO%5CFUNC%5F01%26VEN%5F10EC%26DEV%5F0269%26SUBSYS%5F1028052C%26REV%5F1001&nw=default&err=0&c=563fa602
2014/6/27 17:41:31 : 设备HDAUDIO\FUNC_01&VEN_10EC&DEV_0269&SUBSYS_1028052C&REV_1001驱动需要更新 服务器版本6.0.1.7004 服务器日期07/30/2013, 驱动下载地址pdown://p2=1F5C8E1D86DEEB6E3A7A5AC94628DE205EB13DFF|p3=20|p4=1800|p5=6|h1=1F5C8E1D86DEEB6E3A7A5AC94628DE205EB13DFF|h3=60|h7=5|b2=221356774|b5=驱动下载|b6=Dell Realtek Audio 6.0.1.7004 W8|b7=1|b9=1|k=1|http://driver.360safe.com/dell/audio_realtek_6.0.1.7004_w8.zip
2014/6/27 17:41:44 : 设备PCI\VEN_8086&DEV_1E22&SUBSYS_052C1028&REV_04安装完毕，本地版本9.3.0.1029 服务器版本9.3.0.1029 安装前问题代码:28 安装后问题代码:0 安装结果：成功
2014/6/27 17:45:18 : 需要查询驱动 HardwareID:HDAUDIO\FUNC_01&VEN_10EC&DEV_0269&SUBSYS_1028052C&REV_1001 InstanceID:HDAUDIO\FUNC_01&VEN_10EC&DEV_0269&SUBSYS_1028052C&REV_1001\4&4D7B466&0&0001 LocalDesc:High Definition Audio Device Problem:0 ClassGUID:4d36e96c-e325-11ce-bfc1-08002be10318 NotPresent:False SystemDefault:True
2014/6/27 17:45:18 : 需要查询驱动 HardwareID:PCI\VEN_8086&DEV_1E24&SUBSYS_052C1028&REV_04 InstanceID:PCI\VEN_8086&DEV_1E24&SUBSYS_052C1028&REV_04\3&11583659&0&FE LocalDesc:PCI Data Acquisition and Signal Processing Controller Problem:1 ClassGUID:00000000-0000-0000-0000-000000000000 NotPresent:False SystemDefault:False
2014/6/27 17:45:35 : 需要查询驱动 HardwareID:HDAUDIO\FUNC_01&VEN_10EC&DEV_0269&SUBSYS_1028052C&REV_1001 InstanceID:HDAUDIO\FUNC_01&VEN_10EC&DEV_0269&SUBSYS_1028052C&REV_1001\4&4D7B466&0&0001 LocalDesc:High Definition Audio Device Problem:0 ClassGUID:4d36e96c-e325-11ce-bfc1-08002be10318 NotPresent:False SystemDefault:True
2014/6/27 17:45:35 : 需要查询驱动 HardwareID:PCI\VEN_8086&DEV_1E24&SUBSYS_052C1028&REV_04 InstanceID:PCI\VEN_8086&DEV_1E24&SUBSYS_052C1028&REV_04\3&11583659&0&FE LocalDesc:PCI Data Acquisition and Signal Processing Controller Problem:28 ClassGUID:00000000-0000-0000-0000-000000000000 NotPresent:False SystemDefault:False
2014/6/27 17:52:26 : 需要查询驱动 HardwareID:HDAUDIO\FUNC_01&VEN_10EC&DEV_0269&SUBSYS_1028052C&REV_1001 InstanceID:HDAUDIO\FUNC_01&VEN_10EC&DEV_0269&SUBSYS_1028052C&REV_1001\4&4D7B466&0&0001 LocalDesc:High Definition Audio Device Problem:0 ClassGUID:4d36e96c-e325-11ce-bfc1-08002be10318 NotPresent:False SystemDefault:True
2014/6/27 17:52:26 : 需要查询驱动 HardwareID:PCI\VEN_8086&DEV_1E24&SUBSYS_052C1028&REV_04 InstanceID:PCI\VEN_8086&DEV_1E24&SUBSYS_052C1028&REV_04\3&11583659&0&FE LocalDesc:PCI Data Acquisition and Signal Processing Controller Problem:28 ClassGUID:00000000-0000-0000-0000-000000000000 NotPresent:False SystemDefault:False
2014/6/27 17:52:28 : 需要查询驱动 HardwareID:HDAUDIO\FUNC_01&VEN_10EC&DEV_0269&SUBSYS_1028052C&REV_1001 InstanceID:HDAUDIO\FUNC_01&VEN_10EC&DEV_0269&SUBSYS_1028052C&REV_1001\4&4D7B466&0&0001 LocalDesc:High Definition Audio Device Problem:0 ClassGUID:4d36e96c-e325-11ce-bfc1-08002be10318 NotPresent:False SystemDefault:True
2014/6/27 17:52:28 : 需要查询驱动 HardwareID:PCI\VEN_8086&DEV_1E24&SUBSYS_052C1028&REV_04 InstanceID:PCI\VEN_8086&DEV_1E24&SUBSYS_052C1028&REV_04\3&11583659&0&FE LocalDesc:PCI Data Acquisition and Signal Processing Controller Problem:28 ClassGUID:00000000-0000-0000-0000-000000000000 NotPresent:False SystemDefault:False
2014/6/27 17:52:36 : 需要查询驱动 HardwareID:HDAUDIO\FUNC_01&VEN_10EC&DEV_0269&SUBSYS_1028052C&REV_1001 InstanceID:HDAUDIO\FUNC_01&VEN_10EC&DEV_0269&SUBSYS_1028052C&REV_1001\4&4D7B466&0&0001 LocalDesc:High Definition Audio Device Problem:0 ClassGUID:4d36e96c-e325-11ce-bfc1-08002be10318 NotPresent:False SystemDefault:True
2014/6/27 17:52:36 : 需要查询驱动 HardwareID:PCI\VEN_8086&DEV_1E24&SUBSYS_052C1028&REV_04 InstanceID:PCI\VEN_8086&DEV_1E24&SUBSYS_052C1028&REV_04\3&11583659&0&FE LocalDesc:PCI Data Acquisition and Signal Processing Controller Problem:28 ClassGUID:00000000-0000-0000-0000-000000000000 NotPresent:False SystemDefault:False
2014/6/27 17:52:37 : 需要查询驱动 HardwareID:HDAUDIO\FUNC_01&VEN_10EC&DEV_0269&SUBSYS_1028052C&REV_1001 InstanceID:HDAUDIO\FUNC_01&VEN_10EC&DEV_0269&SUBSYS_1028052C&REV_1001\4&4D7B466&0&0001 LocalDesc:High Definition Audio Device Problem:0 ClassGUID:4d36e96c-e325-11ce-bfc1-08002be10318 NotPresent:False SystemDefault:True
2014/6/27 17:52:37 : 需要查询驱动 HardwareID:PCI\VEN_8086&DEV_1E24&SUBSYS_052C1028&REV_04 InstanceID:PCI\VEN_8086&DEV_1E24&SUBSYS_052C1028&REV_04\3&11583659&0&FE LocalDesc:PCI Data Acquisition and Signal Processing Controller Problem:28 ClassGUID:00000000-0000-0000-0000-000000000000 NotPresent:False SystemDefault:False
2014/6/27 17:52:50 : 需要查询驱动 HardwareID:HDAUDIO\FUNC_01&VEN_10EC&DEV_0269&SUBSYS_1028052C&REV_1001 InstanceID:HDAUDIO\FUNC_01&VEN_10EC&DEV_0269&SUBSYS_1028052C&REV_1001\4&4D7B466&0&0001 LocalDesc:High Definition Audio Device Problem:0 ClassGUID:4d36e96c-e325-11ce-bfc1-08002be10318 NotPresent:False SystemDefault:True
2014/6/27 17:52:50 : 需要查询驱动 HardwareID:PCI\VEN_8086&DEV_1E24&SUBSYS_052C1028&REV_04 InstanceID:PCI\VEN_8086&DEV_1E24&SUBSYS_052C1028&REV_04\3&11583659&0&FE LocalDesc:PCI Data Acquisition and Signal Processing Controller Problem:28 ClassGUID:00000000-0000-0000-0000-000000000000 NotPresent:False SystemDefault:False
2014/6/27 17:52:51 : 需要查询驱动 HardwareID:HDAUDIO\FUNC_01&VEN_10EC&DEV_0269&SUBSYS_1028052C&REV_1001 InstanceID:HDAUDIO\FUNC_01&VEN_10EC&DEV_0269&SUBSYS_1028052C&REV_1001\4&4D7B466&0&0001 LocalDesc:High Definition Audio Device Problem:0 ClassGUID:4d36e96c-e325-11ce-bfc1-08002be10318 NotPresent:False SystemDefault:True
2014/6/27 17:52:51 : 需要查询驱动 HardwareID:PCI\VEN_8086&DEV_1E24&SUBSYS_052C1028&REV_04 InstanceID:PCI\VEN_8086&DEV_1E24&SUBSYS_052C1028&REV_04\3&11583659&0&FE LocalDesc:PCI Data Acquisition and Signal Processing Controller Problem:28 ClassGUID:00000000-0000-0000-0000-000000000000 NotPresent:False SystemDefault:False
2014/6/27 17:53:58 : 需要查询驱动 HardwareID:HDAUDIO\FUNC_01&VEN_10EC&DEV_0269&SUBSYS_1028052C&REV_1001 InstanceID:HDAUDIO\FUNC_01&VEN_10EC&DEV_0269&SUBSYS_1028052C&REV_1001\4&4D7B466&0&0001 LocalDesc:High Definition Audio Device Problem:0 ClassGUID:4d36e96c-e325-11ce-bfc1-08002be10318 NotPresent:False SystemDefault:True
2014/6/27 17:53:58 : 需要查询驱动 HardwareID:PCI\VEN_8086&DEV_1E24&SUBSYS_052C1028&REV_04 InstanceID:PCI\VEN_8086&DEV_1E24&SUBSYS_052C1028&REV_04\3&11583659&0&FE LocalDesc:PCI Data Acquisition and Signal Processing Controller Problem:28 ClassGUID:00000000-0000-0000-0000-000000000000 NotPresent:False SystemDefault:False
2014/6/27 17:54:00 : 需要查询驱动 HardwareID:HDAUDIO\FUNC_01&VEN_10EC&DEV_0269&SUBSYS_1028052C&REV_1001 InstanceID:HDAUDIO\FUNC_01&VEN_10EC&DEV_0269&SUBSYS_1028052C&REV_1001\4&4D7B466&0&0001 LocalDesc:High Definition Audio Device Problem:0 ClassGUID:4d36e96c-e325-11ce-bfc1-08002be10318 NotPresent:False SystemDefault:True
2014/6/27 17:54:01 : 需要查询驱动 HardwareID:HDAUDIO\FUNC_01&VEN_10EC&DEV_0269&SUBSYS_1028052C&REV_1001 InstanceID:HDAUDIO\FUNC_01&VEN_10EC&DEV_0269&SUBSYS_1028052C&REV_1001\4&4D7B466&0&0001 LocalDesc:High Definition Audio Device Problem:0 ClassGUID:4d36e96c-e325-11ce-bfc1-08002be10318 NotPresent:False SystemDefault:True
2014/6/27 17:55:07 : 需要查询驱动 HardwareID:HDAUDIO\FUNC_01&VEN_10EC&DEV_0269&SUBSYS_1028052C&REV_1001 InstanceID:HDAUDIO\FUNC_01&VEN_10EC&DEV_0269&SUBSYS_1028052C&REV_1001\4&4D7B466&0&0001 LocalDesc:High Definition Audio Device Problem:0 ClassGUID:4d36e96c-e325-11ce-bfc1-08002be10318 NotPresent:False SystemDefault:True
2014/6/27 17:56:10 : 需要查询驱动 HardwareID:HDAUDIO\FUNC_01&VEN_10EC&DEV_0269&SUBSYS_1028052C&REV_1001 InstanceID:HDAUDIO\FUNC_01&VEN_10EC&DEV_0269&SUBSYS_1028052C&REV_1001\4&4D7B466&0&0001 LocalDesc:High Definition Audio Device Problem:0 ClassGUID:4d36e96c-e325-11ce-bfc1-08002be10318 NotPresent:False SystemDefault:True
2014/7/8 14:03:50 : 需要查询驱动 HardwareID:HDAUDIO\FUNC_01&VEN_10EC&DEV_0269&SUBSYS_1028052C&REV_1001 InstanceID:HDAUDIO\FUNC_01&VEN_10EC&DEV_0269&SUBSYS_1028052C&REV_1001\4&4D7B466&0&0001 LocalDesc:High Definition Audio Device Problem:0 ClassGUID:4d36e96c-e325-11ce-bfc1-08002be10318 NotPresent:False SystemDefault:True
2014/7/8 14:03:53 : 需要查询驱动 HardwareID:HDAUDIO\FUNC_01&VEN_10EC&DEV_0269&SUBSYS_1028052C&REV_1001 InstanceID:HDAUDIO\FUNC_01&VEN_10EC&DEV_0269&SUBSYS_1028052C&REV_1001\4&4D7B466&0&0001 LocalDesc:High Definition Audio Device Problem:0 ClassGUID:4d36e96c-e325-11ce-bfc1-08002be10318 NotPresent:False SystemDefault:True
2014/7/8 14:48:12 : 需要查询驱动 HardwareID:HDAUDIO\FUNC_01&VEN_10EC&DEV_0269&SUBSYS_1028052C&REV_1001 InstanceID:HDAUDIO\FUNC_01&VEN_10EC&DEV_0269&SUBSYS_1028052C&REV_1001\4&4D7B466&0&0001 LocalDesc:High Definition Audio Device Problem:0 ClassGUID:4d36e96c-e325-11ce-bfc1-08002be10318 NotPresent:False SystemDefault:True
2014/7/8 14:48:13 : 需要查询驱动 HardwareID:HDAUDIO\FUNC_01&VEN_10EC&DEV_0269&SUBSYS_1028052C&REV_1001 InstanceID:HDAUDIO\FUNC_01&VEN_10EC&DEV_0269&SUBSYS_1028052C&REV_1001\4&4D7B466&0&0001 LocalDesc:High Definition Audio Device Problem:0 ClassGUID:4d36e96c-e325-11ce-bfc1-08002be10318 NotPresent:False SystemDefault:True
2014/7/8 14:48:13 : 需要查询驱动 HardwareID:HDAUDIO\FUNC_01&VEN_10EC&DEV_0269&SUBSYS_1028052C&REV_1001 InstanceID:HDAUDIO\FUNC_01&VEN_10EC&DEV_0269&SUBSYS_1028052C&REV_1001\4&4D7B466&0&0001 LocalDesc:High Definition Audio Device Problem:0 ClassGUID:4d36e96c-e325-11ce-bfc1-08002be10318 NotPresent:False SystemDefault:True
2014/7/8 14:48:15 : 需要查询驱动 HardwareID:HDAUDIO\FUNC_01&VEN_10EC&DEV_0269&SUBSYS_1028052C&REV_1001 InstanceID:HDAUDIO\FUNC_01&VEN_10EC&DEV_0269&SUBSYS_1028052C&REV_1001\4&4D7B466&0&0001 LocalDesc:High Definition Audio Device Problem:0 ClassGUID:4d36e96c-e325-11ce-bfc1-08002be10318 NotPresent:False SystemDefault:True
2014/7/8 14:48:16 : 需要查询驱动 HardwareID:HDAUDIO\FUNC_01&VEN_10EC&DEV_0269&SUBSYS_1028052C&REV_1001 InstanceID:HDAUDIO\FUNC_01&VEN_10EC&DEV_0269&SUBSYS_1028052C&REV_1001\4&4D7B466&0&0001 LocalDesc:High Definition Audio Device Problem:0 ClassGUID:4d36e96c-e325-11ce-bfc1-08002be10318 NotPresent:False SystemDefault:True
2014/7/8 14:56:46 : 需要查询驱动 HardwareID:HDAUDIO\FUNC_01&VEN_10EC&DEV_0269&SUBSYS_1028052C&REV_1001 InstanceID:HDAUDIO\FUNC_01&VEN_10EC&DEV_0269&SUBSYS_1028052C&REV_1001\4&4D7B466&0&0001 LocalDesc:High Definition Audio Device Problem:0 ClassGUID:4d36e96c-e325-11ce-bfc1-08002be10318 NotPresent:False SystemDefault:True
2014/7/8 14:56:49 : 需要查询驱动 HardwareID:HDAUDIO\FUNC_01&VEN_10EC&DEV_0269&SUBSYS_1028052C&REV_1001 InstanceID:HDAUDIO\FUNC_01&VEN_10EC&DEV_0269&SUBSYS_1028052C&REV_1001\4&4D7B466&0&0001 LocalDesc:High Definition Audio Device Problem:0 ClassGUID:4d36e96c-e325-11ce-bfc1-08002be10318 NotPresent:False SystemDefault:True
2014/7/8 14:58:46 : 需要查询驱动 HardwareID:HDAUDIO\FUNC_01&VEN_10EC&DEV_0269&SUBSYS_1028052C&REV_1001 InstanceID:HDAUDIO\FUNC_01&VEN_10EC&DEV_0269&SUBSYS_1028052C&REV_1001\4&4D7B466&0&0001 LocalDesc:High Definition Audio Device Problem:0 ClassGUID:4d36e96c-e325-11ce-bfc1-08002be10318 NotPresent:False SystemDefault:True
2014/7/8 15:04:25 : 需要查询驱动 HardwareID:HDAUDIO\FUNC_01&VEN_10EC&DEV_0269&SUBSYS_1028052C&REV_1001 InstanceID:HDAUDIO\FUNC_01&VEN_10EC&DEV_0269&SUBSYS_1028052C&REV_1001\4&4D7B466&0&0001 LocalDesc:High Definition Audio Device Problem:0 ClassGUID:4d36e96c-e325-11ce-bfc1-08002be10318 NotPresent:False SystemDefault:True
2014/7/8 15:04:27 : 需要查询驱动 HardwareID:HDAUDIO\FUNC_01&VEN_10EC&DEV_0269&SUBSYS_1028052C&REV_1001 InstanceID:HDAUDIO\FUNC_01&VEN_10EC&DEV_0269&SUBSYS_1028052C&REV_1001\4&4D7B466&0&0001 LocalDesc:High Definition Audio Device Problem:0 ClassGUID:4d36e96c-e325-11ce-bfc1-08002be10318 NotPresent:False SystemDefault:True
2014/7/8 15:25:53 : 需要查询驱动 HardwareID:HDAUDIO\FUNC_01&VEN_10EC&DEV_0269&SUBSYS_1028052C&REV_1001 InstanceID:HDAUDIO\FUNC_01&VEN_10EC&DEV_0269&SUBSYS_1028052C&REV_1001\4&4D7B466&0&0001 LocalDesc:High Definition Audio Device Problem:0 ClassGUID:4d36e96c-e325-11ce-bfc1-08002be10318 NotPresent:False SystemDefault:True
2014/7/8 15:25:57 : 需要查询驱动 HardwareID:HDAUDIO\FUNC_01&VEN_10EC&DEV_0269&SUBSYS_1028052C&REV_1001 InstanceID:HDAUDIO\FUNC_01&VEN_10EC&DEV_0269&SUBSYS_1028052C&REV_1001\4&4D7B466&0&0001 LocalDesc:High Definition Audio Device Problem:0 ClassGUID:4d36e96c-e325-11ce-bfc1-08002be10318 NotPresent:False SystemDefault:True
2014/7/8 15:27:54 : 需要查询驱动 HardwareID:HDAUDIO\FUNC_01&VEN_10EC&DEV_0269&SUBSYS_1028052C&REV_1001 InstanceID:HDAUDIO\FUNC_01&VEN_10EC&DEV_0269&SUBSYS_1028052C&REV_1001\4&4D7B466&0&0001 LocalDesc:High Definition Audio Device Problem:0 ClassGUID:4d36e96c-e325-11ce-bfc1-08002be10318 NotPresent:False SystemDefault:True
2014/7/23 22:27:18 : 需要查询驱动 HardwareID:HDAUDIO\FUNC_01&VEN_10EC&DEV_0889&SUBSYS_1458A002&REV_1000 InstanceID:HDAUDIO\FUNC_01&VEN_10EC&DEV_0889&SUBSYS_1458A002&REV_1000\4&3828EB94&0&0201 LocalDesc:High Definition Audio Device Problem:0 ClassGUID:4d36e96c-e325-11ce-bfc1-08002be10318 NotPresent:False SystemDefault:True
2014/7/23 22:27:18 : 需要查询驱动 HardwareID:PCI\VEN_8086&DEV_1C24&SUBSYS_00000000&REV_05 InstanceID:PCI\VEN_8086&DEV_1C24&SUBSYS_00000000&REV_05\3&13C0B0C5&0&FE LocalDesc:PCI Data Acquisition and Signal Processing Controller Problem:1 ClassGUID:00000000-0000-0000-0000-000000000000 NotPresent:False SystemDefault:False
2014/7/23 22:28:10 : 需要查询驱动 HardwareID:HDAUDIO\FUNC_01&VEN_10EC&DEV_0889&SUBSYS_1458A002&REV_1000 InstanceID:HDAUDIO\FUNC_01&VEN_10EC&DEV_0889&SUBSYS_1458A002&REV_1000\4&3828EB94&0&0201 LocalDesc:High Definition Audio Device Problem:0 ClassGUID:4d36e96c-e325-11ce-bfc1-08002be10318 NotPresent:False SystemDefault:True
2014/7/23 22:28:44 : 需要查询驱动 HardwareID:HDAUDIO\FUNC_01&VEN_10EC&DEV_0889&SUBSYS_1458A002&REV_1000 InstanceID:HDAUDIO\FUNC_01&VEN_10EC&DEV_0889&SUBSYS_1458A002&REV_1000\4&3828EB94&0&0201 LocalDesc:High Definition Audio Device Problem:0 ClassGUID:4d36e96c-e325-11ce-bfc1-08002be10318 NotPresent:False SystemDefault:True
2014/7/23 22:28:46 : 需要查询驱动 HardwareID:HDAUDIO\FUNC_01&VEN_10EC&DEV_0889&SUBSYS_1458A002&REV_1000 InstanceID:HDAUDIO\FUNC_01&VEN_10EC&DEV_0889&SUBSYS_1458A002&REV_1000\4&3828EB94&0&0201 LocalDesc:High Definition Audio Device Problem:0 ClassGUID:4d36e96c-e325-11ce-bfc1-08002be10318 NotPresent:False SystemDefault:True
2014/7/23 22:28:47 : 需要查询驱动 HardwareID:HDAUDIO\FUNC_01&VEN_10EC&DEV_0889&SUBSYS_1458A002&REV_1000 InstanceID:HDAUDIO\FUNC_01&VEN_10EC&DEV_0889&SUBSYS_1458A002&REV_1000\4&3828EB94&0&0201 LocalDesc:High Definition Audio Device Problem:0 ClassGUID:4d36e96c-e325-11ce-bfc1-08002be10318 NotPresent:False SystemDefault:True
2014/7/23 22:28:50 : 需要查询驱动 HardwareID:HDAUDIO\FUNC_01&VEN_10EC&DEV_0889&SUBSYS_1458A002&REV_1000 InstanceID:HDAUDIO\FUNC_01&VEN_10EC&DEV_0889&SUBSYS_1458A002&REV_1000\4&3828EB94&0&0201 LocalDesc:High Definition Audio Device Problem:0 ClassGUID:4d36e96c-e325-11ce-bfc1-08002be10318 NotPresent:False SystemDefault:True
2014/7/23 22:28:51 : 需要查询驱动 HardwareID:HDAUDIO\FUNC_01&VEN_10EC&DEV_0889&SUBSYS_1458A002&REV_1000 InstanceID:HDAUDIO\FUNC_01&VEN_10EC&DEV_0889&SUBSYS_1458A002&REV_1000\4&3828EB94&0&0201 LocalDesc:High Definition Audio Device Problem:0 ClassGUID:4d36e96c-e325-11ce-bfc1-08002be10318 NotPresent:False SystemDefault:True
